1.2270 	WARNING 	We strongly recommend you activate the PTB sound engine in PsychoPy prefs as the preferred audio engine. Its timing is vastly superior. Your prefs are currently set to use ['sounddevice', 'PTB', 'pyo', 'pygame'] (in that order).
5.2435 	WARNING 	User requested fullscreen with size [1280  800], but screen is actually [1920, 1080]. Using actual size
5.8425 	EXP 	Created window1 = Window(allowGUI=False, allowStencil=False, autoLog=True, backendConf=UNKNOWN, bitsMode=UNKNOWN, blendMode='avg', bpc=(8, 8, 8), color=array([0, 0, 0]), colorSpace='rgb', depthBits=8, fullscr=<method-wrapper '__getattribute__' of attributeSetter object at 0x0000026193032430>, gamma=None, gammaErrorPolicy='raise', lms=UNKNOWN, monitor=<psychopy.monitors.calibTools.Monitor object at 0x00000261942EFD00>, multiSample=False, name='window1', numSamples=2, pos=(0, 0), screen=0, size=array([1920, 1080]), stencilBits=0, stereo=False, units='norm', useFBO=True, useRetina=False, viewOri=0.0, viewPos=None, viewScale=None, waitBlanking=True, winType='pyglet')
5.8427 	EXP 	window1: mouseVisible = True
5.8427 	EXP 	window1: Attempting to measure frame rate of screen (0) ...
5.8427 	EXP 	window1: recordFrameIntervals = False
6.0089 	EXP 	window1: recordFrameIntervals = True
6.1926 	EXP 	Screen (0) actual frame rate measured at 59.93Hz
6.1926 	EXP 	window1: recordFrameIntervals = False
7.8895 	EXP 	Created intro1 = TextStim(__class__=<class 'psychopy.visual.text.TextStim'>, alignHoriz=method-wrapper(...), alignText='center', alignVert=method-wrapper(...), anchorHoriz='center', anchorVert='center', antialias=True, autoLog=True, bold=False, color=array([1., 1., 1.]), colorSpace='rgb', contrast=1.0, depth=0.0, flipHoriz=False, flipVert=False, font='Arial', fontFiles=[], height=0.1, italic=False, languageStyle='LTR', name='intro1', opacity=1.0, ori=0, pos=array([0., 0.]), rgb=UNKNOWN, text=str(...), units='norm', win=Window(...), wrapWidth=1)
7.9071 	EXP 	Created intro2 = TextStim(__class__=<class 'psychopy.visual.text.TextStim'>, alignHoriz=method-wrapper(...), alignText='center', alignVert=method-wrapper(...), anchorHoriz='center', anchorVert='center', antialias=True, autoLog=True, bold=False, color=array([1., 1., 1.]), colorSpace='rgb', contrast=1.0, depth=0.0, flipHoriz=False, flipVert=False, font='Arial', fontFiles=[], height=0.06, italic=False, languageStyle='LTR', name='intro2', opacity=1.0, ori=0, pos=array([0., 0.]), rgb=UNKNOWN, text=str(...), units='norm', win=Window(...), wrapWidth=1)
7.9212 	EXP 	Created intro2_2 = TextStim(__class__=<class 'psychopy.visual.text.TextStim'>, alignHoriz=method-wrapper(...), alignText='center', alignVert=method-wrapper(...), anchorHoriz='center', anchorVert='center', antialias=True, autoLog=True, bold=False, color=array([1., 1., 1.]), colorSpace='rgb', contrast=1.0, depth=0.0, flipHoriz=False, flipVert=False, font='Arial', fontFiles=[], height=0.06, italic=False, languageStyle='LTR', name='intro2_2', opacity=1.0, ori=0, pos=array([0., 0.]), rgb=UNKNOWN, text=str(...), units='norm', win=Window(...), wrapWidth=1)
7.9296 	EXP 	Created Intro2_3 = TextStim(__class__=<class 'psychopy.visual.text.TextStim'>, alignHoriz=method-wrapper(...), alignText='center', alignVert=method-wrapper(...), anchorHoriz='center', anchorVert='center', antialias=True, autoLog=True, bold=False, color=array([1., 1., 1.]), colorSpace='rgb', contrast=1.0, depth=0.0, flipHoriz=False, flipVert=False, font='Arial', fontFiles=[], height=0.1, italic=False, languageStyle='LTR', name='Intro2_3', opacity=1.0, ori=0, pos=array([0., 0.]), rgb=UNKNOWN, text=str(...), units='norm', win=Window(...), wrapWidth=1)
7.9342 	EXP 	Created intro3 = TextStim(__class__=<class 'psychopy.visual.text.TextStim'>, alignHoriz=method-wrapper(...), alignText='center', alignVert=method-wrapper(...), anchorHoriz='center', anchorVert='center', antialias=True, autoLog=True, bold=False, color=array([1., 1., 1.]), colorSpace='rgb', contrast=1.0, depth=-1.0, flipHoriz=False, flipVert=False, font='Arial', fontFiles=[], height=0.1, italic=False, languageStyle='LTR', name='intro3', opacity=1.0, ori=0, pos=array([0. , 0.5]), rgb=UNKNOWN, text='Por ejemplo, ¿qué preferirías?', units='norm', win=Window(...), wrapWidth=1)
7.9378 	EXP 	Created ss_am = TextStim(__class__=<class 'psychopy.visual.text.TextStim'>, alignHoriz=method-wrapper(...), alignText='center', alignVert=method-wrapper(...), anchorHoriz='center', anchorVert='center', antialias=True, autoLog=True, bold=False, color=array([1., 1., 1.]), colorSpace='rgb', contrast=1.0, depth=-2.0, flipHoriz=False, flipVert=False, font='Arial', fontFiles=[], height=0.1, italic=False, languageStyle='LTR', name='ss_am', opacity=1.0, ori=0, pos=array([-0.5,  0.1]), rgb=UNKNOWN, text='$5.000', units='norm', win=Window(...), wrapWidth=1)
7.9398 	EXP 	Created ss_del = TextStim(__class__=<class 'psychopy.visual.text.TextStim'>, alignHoriz=method-wrapper(...), alignText='center', alignVert=method-wrapper(...), anchorHoriz='center', anchorVert='center', antialias=True, autoLog=True, bold=False, color=array([1., 1., 1.]), colorSpace='rgb', contrast=1.0, depth=-3.0, flipHoriz=False, flipVert=False, font='Arial', fontFiles=[], height=0.1, italic=False, languageStyle='LTR', name='ss_del', opacity=1.0, ori=0, pos=array([-0.5, -0.1]), rgb=UNKNOWN, text='hoy', units='norm', win=Window(...), wrapWidth=1)
7.9422 	EXP 	Created ll_am = TextStim(__class__=<class 'psychopy.visual.text.TextStim'>, alignHoriz=method-wrapper(...), alignText='center', alignVert=method-wrapper(...), anchorHoriz='center', anchorVert='center', antialias=True, autoLog=True, bold=False, color=array([1., 1., 1.]), colorSpace='rgb', contrast=1.0, depth=-4.0, flipHoriz=False, flipVert=False, font='Arial', fontFiles=[], height=0.1, italic=False, languageStyle='LTR', name='ll_am', opacity=1.0, ori=0, pos=array([0.5, 0.1]), rgb=UNKNOWN, text='$10.000', units='norm', win=Window(...), wrapWidth=1)
7.9448 	EXP 	Created ll_del = TextStim(__class__=<class 'psychopy.visual.text.TextStim'>, alignHoriz=method-wrapper(...), alignText='center', alignVert=method-wrapper(...), anchorHoriz='center', anchorVert='center', antialias=True, autoLog=True, bold=False, color=array([1., 1., 1.]), colorSpace='rgb', contrast=1.0, depth=-5.0, flipHoriz=False, flipVert=False, font='Arial', fontFiles=[], height=0.1, italic=False, languageStyle='LTR', name='ll_del', opacity=1.0, ori=0, pos=array([ 0.5, -0.1]), rgb=UNKNOWN, text='en 7 días', units='norm', win=Window(...), wrapWidth=1)
7.9477 	EXP 	Created Intro4 = TextStim(__class__=<class 'psychopy.visual.text.TextStim'>, alignHoriz=method-wrapper(...), alignText='center', alignVert=method-wrapper(...), anchorHoriz='center', anchorVert='center', antialias=True, autoLog=True, bold=False, color=array([1., 1., 1.]), colorSpace='rgb', contrast=1.0, depth=0.0, flipHoriz=False, flipVert=False, font='Arial', fontFiles=[], height=0.1, italic=False, languageStyle='LTR', name='Intro4', opacity=1.0, ori=0, pos=array([0., 0.]), rgb=UNKNOWN, text='Hagamos unos ensayos de práctica', units='norm', win=Window(...), wrapWidth=1)
7.9501 	EXP 	Created pregunta = TextStim(__class__=<class 'psychopy.visual.text.TextStim'>, alignHoriz=method-wrapper(...), alignText='center', alignVert=method-wrapper(...), anchorHoriz='center', anchorVert='center', antialias=True, autoLog=True, bold=False, color=array([1., 1., 1.]), colorSpace='rgb', contrast=1.0, depth=-1.0, flipHoriz=False, flipVert=False, font='Arial', fontFiles=[], height=0.1, italic=False, languageStyle='LTR', name='pregunta', opacity=1.0, ori=0, pos=array([0. , 0.5]), rgb=UNKNOWN, text='¿qué preferirías?', units='norm', win=Window(...), wrapWidth=1)
7.9509 	EXP 	Created ssAm_P = TextStim(__class__=<class 'psychopy.visual.text.TextStim'>, alignHoriz=method-wrapper(...), alignText='center', alignVert=method-wrapper(...), anchorHoriz='center', anchorVert='center', antialias=True, autoLog=True, bold=False, color=array([1., 1., 1.]), colorSpace='rgb', contrast=1.0, depth=-2.0, flipHoriz=False, flipVert=False, font='Arial', fontFiles=[], height=0.1, italic=False, languageStyle='LTR', name='ssAm_P', opacity=1.0, ori=0, pos=array([0., 0.]), rgb=UNKNOWN, text='', units='norm', win=Window(...), wrapWidth=1)
7.9529 	EXP 	Created ssDel_P = TextStim(__class__=<class 'psychopy.visual.text.TextStim'>, alignHoriz=method-wrapper(...), alignText='center', alignVert=method-wrapper(...), anchorHoriz='center', anchorVert='center', antialias=True, autoLog=True, bold=False, color=array([1., 1., 1.]), colorSpace='rgb', contrast=1.0, depth=-3.0, flipHoriz=False, flipVert=False, font='Arial', fontFiles=[], height=0.1, italic=False, languageStyle='LTR', name='ssDel_P', opacity=1.0, ori=0, pos=array([0., 0.]), rgb=UNKNOWN, text='hoy', units='norm', win=Window(...), wrapWidth=1)
7.9537 	EXP 	Created llAm_P = TextStim(__class__=<class 'psychopy.visual.text.TextStim'>, alignHoriz=method-wrapper(...), alignText='center', alignVert=method-wrapper(...), anchorHoriz='center', anchorVert='center', antialias=True, autoLog=True, bold=False, color=array([1., 1., 1.]), colorSpace='rgb', contrast=1.0, depth=-4.0, flipHoriz=False, flipVert=False, font='Arial', fontFiles=[], height=0.1, italic=False, languageStyle='LTR', name='llAm_P', opacity=1.0, ori=0, pos=array([0., 0.]), rgb=UNKNOWN, text='', units='norm', win=Window(...), wrapWidth=1)
7.9544 	EXP 	Created llDel_P = TextStim(__class__=<class 'psychopy.visual.text.TextStim'>, alignHoriz=method-wrapper(...), alignText='center', alignVert=method-wrapper(...), anchorHoriz='center', anchorVert='center', antialias=True, autoLog=True, bold=False, color=array([1., 1., 1.]), colorSpace='rgb', contrast=1.0, depth=-5.0, flipHoriz=False, flipVert=False, font='Arial', fontFiles=[], height=0.1, italic=False, languageStyle='LTR', name='llDel_P', opacity=1.0, ori=0, pos=array([0., 0.]), rgb=UNKNOWN, text='', units='norm', win=Window(...), wrapWidth=1)
7.9551 	EXP 	Created feedbackP = TextStim(__class__=<class 'psychopy.visual.text.TextStim'>, alignHoriz=method-wrapper(...), alignText='center', alignVert=method-wrapper(...), anchorHoriz='center', anchorVert='center', antialias=True, autoLog=True, bold=False, color=array([1., 1., 1.]), colorSpace='rgb', contrast=1.0, depth=-1.0, flipHoriz=False, flipVert=False, font='Arial', fontFiles=[], height=0.1, italic=False, languageStyle='LTR', name='feedbackP', opacity=1.0, ori=0, pos=array([0., 0.]), rgb=UNKNOWN, text='', units='norm', win=Window(...), wrapWidth=1)
7.9609 	EXP 	Created comienzo = TextStim(__class__=<class 'psychopy.visual.text.TextStim'>, alignHoriz=method-wrapper(...), alignText='center', alignVert=method-wrapper(...), anchorHoriz='center', anchorVert='center', antialias=True, autoLog=True, bold=False, color=array([1., 1., 1.]), colorSpace='rgb', contrast=1.0, depth=0.0, flipHoriz=False, flipVert=False, font='Arial', fontFiles=[], height=0.1, italic=False, languageStyle='LTR', name='comienzo', opacity=1.0, ori=0, pos=array([0., 0.]), rgb=UNKNOWN, text=str(...), units='norm', win=Window(...), wrapWidth=1)
7.9632 	EXP 	Created preguntaT = TextStim(__class__=<class 'psychopy.visual.text.TextStim'>, alignHoriz=method-wrapper(...), alignText='center', alignVert=method-wrapper(...), anchorHoriz='center', anchorVert='center', antialias=True, autoLog=True, bold=False, color=array([1., 1., 1.]), colorSpace='rgb', contrast=1.0, depth=-1.0, flipHoriz=False, flipVert=False, font='Arial', fontFiles=[], height=0.1, italic=False, languageStyle='LTR', name='preguntaT', opacity=1.0, ori=0, pos=array([0. , 0.5]), rgb=UNKNOWN, text='¿qué preferirías?', units='norm', win=Window(...), wrapWidth=1)
7.9642 	EXP 	Created ssAm_T = TextStim(__class__=<class 'psychopy.visual.text.TextStim'>, alignHoriz=method-wrapper(...), alignText='center', alignVert=method-wrapper(...), anchorHoriz='center', anchorVert='center', antialias=True, autoLog=True, bold=False, color=array([1., 1., 1.]), colorSpace='rgb', contrast=1.0, depth=-2.0, flipHoriz=False, flipVert=False, font='Arial', fontFiles=[], height=0.1, italic=False, languageStyle='LTR', name='ssAm_T', opacity=1.0, ori=0, pos=array([0., 0.]), rgb=UNKNOWN, text='', units='norm', win=Window(...), wrapWidth=1)
7.9660 	EXP 	Created ssDel_T = TextStim(__class__=<class 'psychopy.visual.text.TextStim'>, alignHoriz=method-wrapper(...), alignText='center', alignVert=method-wrapper(...), anchorHoriz='center', anchorVert='center', antialias=True, autoLog=True, bold=False, color=array([1., 1., 1.]), colorSpace='rgb', contrast=1.0, depth=-3.0, flipHoriz=False, flipVert=False, font='Arial', fontFiles=[], height=0.1, italic=False, languageStyle='LTR', name='ssDel_T', opacity=1.0, ori=0, pos=array([0., 0.]), rgb=UNKNOWN, text='hoy', units='norm', win=Window(...), wrapWidth=1)
7.9667 	EXP 	Created llAm_T = TextStim(__class__=<class 'psychopy.visual.text.TextStim'>, alignHoriz=method-wrapper(...), alignText='center', alignVert=method-wrapper(...), anchorHoriz='center', anchorVert='center', antialias=True, autoLog=True, bold=False, color=array([1., 1., 1.]), colorSpace='rgb', contrast=1.0, depth=-4.0, flipHoriz=False, flipVert=False, font='Arial', fontFiles=[], height=0.1, italic=False, languageStyle='LTR', name='llAm_T', opacity=1.0, ori=0, pos=array([0., 0.]), rgb=UNKNOWN, text='', units='norm', win=Window(...), wrapWidth=1)
7.9674 	EXP 	Created llDel_T = TextStim(__class__=<class 'psychopy.visual.text.TextStim'>, alignHoriz=method-wrapper(...), alignText='center', alignVert=method-wrapper(...), anchorHoriz='center', anchorVert='center', antialias=True, autoLog=True, bold=False, color=array([1., 1., 1.]), colorSpace='rgb', contrast=1.0, depth=-5.0, flipHoriz=False, flipVert=False, font='Arial', fontFiles=[], height=0.1, italic=False, languageStyle='LTR', name='llDel_T', opacity=1.0, ori=0, pos=array([0., 0.]), rgb=UNKNOWN, text='', units='norm', win=Window(...), wrapWidth=1)
7.9681 	EXP 	Created textfbT = TextStim(__class__=<class 'psychopy.visual.text.TextStim'>, alignHoriz=method-wrapper(...), alignText='center', alignVert=method-wrapper(...), anchorHoriz='center', anchorVert='center', antialias=True, autoLog=True, bold=False, color=array([1., 1., 1.]), colorSpace='rgb', contrast=1.0, depth=-1.0, flipHoriz=False, flipVert=False, font='Arial', fontFiles=[], height=0.1, italic=False, languageStyle='LTR', name='textfbT', opacity=1.0, ori=0, pos=array([0., 0.]), rgb=UNKNOWN, text='', units='norm', win=Window(...), wrapWidth=1)
7.9723 	EXP 	Created Gracias = TextStim(__class__=<class 'psychopy.visual.text.TextStim'>, alignHoriz=method-wrapper(...), alignText='center', alignVert=method-wrapper(...), anchorHoriz='center', anchorVert='center', antialias=True, autoLog=True, bold=False, color=array([1., 1., 1.]), colorSpace='rgb', contrast=1.0, depth=0.0, flipHoriz=False, flipVert=False, font='Arial', fontFiles=[], height=0.1, italic=False, languageStyle='LTR', name='Gracias', opacity=1.0, ori=0, pos=array([0., 0.]), rgb=UNKNOWN, text=str(...), units='norm', win=Window(...), wrapWidth=1)
7.9776 	EXP 	intro1: autoDraw = True
9.2976 	DATA 	Keypress: space
9.3122 	EXP 	intro1: autoDraw = False
9.3122 	EXP 	intro2: autoDraw = True
9.8642 	DATA 	Keypress: space
9.8794 	EXP 	intro2: autoDraw = False
9.8794 	EXP 	intro2_2: autoDraw = True
10.2973 	DATA 	Keypress: space
11.9513 	DATA 	Keypress: space
11.9648 	EXP 	intro2_2: autoDraw = False
11.9648 	EXP 	Intro2_3: autoDraw = True
12.6018 	DATA 	Keypress: space
12.6154 	EXP 	Intro2_3: autoDraw = False
12.6154 	EXP 	intro3: autoDraw = True
12.6154 	EXP 	ss_am: autoDraw = True
12.6154 	EXP 	ss_del: autoDraw = True
12.6154 	EXP 	ll_am: autoDraw = True
12.6154 	EXP 	ll_del: autoDraw = True
14.0183 	DATA 	Keypress: right
14.0335 	EXP 	intro3: autoDraw = False
14.0335 	EXP 	ss_am: autoDraw = False
14.0335 	EXP 	ss_del: autoDraw = False
14.0335 	EXP 	ll_am: autoDraw = False
14.0335 	EXP 	ll_del: autoDraw = False
14.0335 	EXP 	Intro4: autoDraw = True
15.4062 	EXP 	Imported choiceSet_practice.xlsx as conditions, 3 conditions, 3 params
15.4065 	EXP 	Created sequence: random, trialTypes=3, nReps=1, seed=None
15.4067 	EXP 	New trial (rep=0, index=0): {'ssAmount': 25000, 'llAmount': 35000, 'llDelay': '150 días'}
15.4141 	DATA 	Keypress: space
15.4182 	EXP 	Intro4: autoDraw = False
15.4182 	EXP 	ssAm_P: height = 0.1
15.4182 	EXP 	ssAm_P: height = 0.1
15.4182 	EXP 	ssAm_P: text = 25000
15.4182 	EXP 	llAm_P: height = 0.1
15.4182 	EXP 	llAm_P: height = 0.1
15.4182 	EXP 	llAm_P: text = 35000
15.4182 	EXP 	llDel_P: height = 0.1
15.4182 	EXP 	llDel_P: height = 0.1
15.4182 	EXP 	llDel_P: text = '150 días'
15.4182 	EXP 	pregunta: autoDraw = True
15.4182 	EXP 	ssAm_P: autoDraw = True
15.4182 	EXP 	ssDel_P: autoDraw = True
15.4182 	EXP 	llAm_P: autoDraw = True
15.4182 	EXP 	llDel_P: autoDraw = True
17.7729 	DATA 	Keypress: right
17.8039 	EXP 	pregunta: autoDraw = False
17.8039 	EXP 	ssAm_P: autoDraw = False
17.8039 	EXP 	ssDel_P: autoDraw = False
17.8039 	EXP 	llAm_P: autoDraw = False
17.8039 	EXP 	llDel_P: autoDraw = False
17.8039 	EXP 	feedbackP: height = 0.1
17.8039 	EXP 	feedbackP: height = 0.1
17.8039 	EXP 	feedbackP: text = 'Elegiste esperar'
17.8039 	EXP 	feedbackP: autoDraw = True
20.7907 	EXP 	New trial (rep=0, index=1): {'ssAmount': 10000, 'llAmount': 109000, 'llDelay': '9 días'}
20.8069 	EXP 	feedbackP: autoDraw = False
20.8069 	EXP 	feedbackP: autoDraw = False
20.8069 	EXP 	ssAm_P: height = 0.1
20.8069 	EXP 	ssAm_P: height = 0.1
20.8069 	EXP 	ssAm_P: text = 10000
20.8069 	EXP 	llAm_P: height = 0.1
20.8069 	EXP 	llAm_P: height = 0.1
20.8069 	EXP 	llAm_P: text = 109000
20.8069 	EXP 	llDel_P: height = 0.1
20.8069 	EXP 	llDel_P: height = 0.1
20.8069 	EXP 	llDel_P: text = '9 días'
20.8069 	EXP 	pregunta: autoDraw = True
20.8069 	EXP 	ssAm_P: autoDraw = True
20.8069 	EXP 	ssDel_P: autoDraw = True
20.8069 	EXP 	llAm_P: autoDraw = True
20.8069 	EXP 	llDel_P: autoDraw = True
23.4955 	DATA 	Keypress: escape
23.8154 	EXP 	window1: mouseVisible = True
