1.2196 	WARNING 	We strongly recommend you activate the PTB sound engine in PsychoPy prefs as the preferred audio engine. Its timing is vastly superior. Your prefs are currently set to use ['sounddevice', 'PTB', 'pyo', 'pygame'] (in that order).
5.3870 	WARNING 	User requested fullscreen with size [1280  800], but screen is actually [1920, 1080]. Using actual size
5.9959 	EXP 	Created window1 = Window(allowGUI=False, allowStencil=False, autoLog=True, backendConf=UNKNOWN, bitsMode=UNKNOWN, blendMode='avg', bpc=(8, 8, 8), color=array([0, 0, 0]), colorSpace='rgb', depthBits=8, fullscr=<method-wrapper '__getattribute__' of attributeSetter object at 0x00000192944043D0>, gamma=None, gammaErrorPolicy='raise', lms=UNKNOWN, monitor=<psychopy.monitors.calibTools.Monitor object at 0x000001929495DCD0>, multiSample=False, name='window1', numSamples=2, pos=(0, 0), screen=0, size=array([1920, 1080]), stencilBits=0, stereo=False, units='norm', useFBO=True, useRetina=False, viewOri=0.0, viewPos=None, viewScale=None, waitBlanking=True, winType='pyglet')
5.9963 	EXP 	window1: mouseVisible = True
5.9963 	EXP 	window1: Attempting to measure frame rate of screen (0) ...
5.9964 	EXP 	window1: recordFrameIntervals = False
6.1625 	EXP 	window1: recordFrameIntervals = True
6.3462 	EXP 	Screen (0) actual frame rate measured at 59.96Hz
6.3463 	EXP 	window1: recordFrameIntervals = False
8.0365 	EXP 	Created intro1 = TextStim(__class__=<class 'psychopy.visual.text.TextStim'>, alignHoriz=method-wrapper(...), alignText='center', alignVert=method-wrapper(...), anchorHoriz='center', anchorVert='center', antialias=True, autoLog=True, bold=False, color=array([1., 1., 1.]), colorSpace='rgb', contrast=1.0, depth=0.0, flipHoriz=False, flipVert=False, font='Arial', fontFiles=[], height=0.1, italic=False, languageStyle='LTR', name='intro1', opacity=1.0, ori=0, pos=array([0., 0.]), rgb=UNKNOWN, text=str(...), units='norm', win=Window(...), wrapWidth=1)
8.0544 	EXP 	Created intro2 = TextStim(__class__=<class 'psychopy.visual.text.TextStim'>, alignHoriz=method-wrapper(...), alignText='center', alignVert=method-wrapper(...), anchorHoriz='center', anchorVert='center', antialias=True, autoLog=True, bold=False, color=array([1., 1., 1.]), colorSpace='rgb', contrast=1.0, depth=0.0, flipHoriz=False, flipVert=False, font='Arial', fontFiles=[], height=0.06, italic=False, languageStyle='LTR', name='intro2', opacity=1.0, ori=0, pos=array([0., 0.]), rgb=UNKNOWN, text=str(...), units='norm', win=Window(...), wrapWidth=1)
8.0686 	EXP 	Created intro2_2 = TextStim(__class__=<class 'psychopy.visual.text.TextStim'>, alignHoriz=method-wrapper(...), alignText='center', alignVert=method-wrapper(...), anchorHoriz='center', anchorVert='center', antialias=True, autoLog=True, bold=False, color=array([1., 1., 1.]), colorSpace='rgb', contrast=1.0, depth=0.0, flipHoriz=False, flipVert=False, font='Arial', fontFiles=[], height=0.06, italic=False, languageStyle='LTR', name='intro2_2', opacity=1.0, ori=0, pos=array([0., 0.]), rgb=UNKNOWN, text=str(...), units='norm', win=Window(...), wrapWidth=1)
8.0763 	EXP 	Created Intro2_3 = TextStim(__class__=<class 'psychopy.visual.text.TextStim'>, alignHoriz=method-wrapper(...), alignText='center', alignVert=method-wrapper(...), anchorHoriz='center', anchorVert='center', antialias=True, autoLog=True, bold=False, color=array([1., 1., 1.]), colorSpace='rgb', contrast=1.0, depth=0.0, flipHoriz=False, flipVert=False, font='Arial', fontFiles=[], height=0.1, italic=False, languageStyle='LTR', name='Intro2_3', opacity=1.0, ori=0, pos=array([0., 0.]), rgb=UNKNOWN, text=str(...), units='norm', win=Window(...), wrapWidth=1)
8.0805 	EXP 	Created intro3 = TextStim(__class__=<class 'psychopy.visual.text.TextStim'>, alignHoriz=method-wrapper(...), alignText='center', alignVert=method-wrapper(...), anchorHoriz='center', anchorVert='center', antialias=True, autoLog=True, bold=False, color=array([1., 1., 1.]), colorSpace='rgb', contrast=1.0, depth=-1.0, flipHoriz=False, flipVert=False, font='Arial', fontFiles=[], height=0.1, italic=False, languageStyle='LTR', name='intro3', opacity=1.0, ori=0, pos=array([0. , 0.5]), rgb=UNKNOWN, text='Por ejemplo, ¿qué preferirías?', units='norm', win=Window(...), wrapWidth=1)
8.0839 	EXP 	Created ss_am = TextStim(__class__=<class 'psychopy.visual.text.TextStim'>, alignHoriz=method-wrapper(...), alignText='center', alignVert=method-wrapper(...), anchorHoriz='center', anchorVert='center', antialias=True, autoLog=True, bold=False, color=array([1., 1., 1.]), colorSpace='rgb', contrast=1.0, depth=-2.0, flipHoriz=False, flipVert=False, font='Arial', fontFiles=[], height=0.1, italic=False, languageStyle='LTR', name='ss_am', opacity=1.0, ori=0, pos=array([-0.5,  0.1]), rgb=UNKNOWN, text='$5.000', units='norm', win=Window(...), wrapWidth=1)
8.0858 	EXP 	Created ss_del = TextStim(__class__=<class 'psychopy.visual.text.TextStim'>, alignHoriz=method-wrapper(...), alignText='center', alignVert=method-wrapper(...), anchorHoriz='center', anchorVert='center', antialias=True, autoLog=True, bold=False, color=array([1., 1., 1.]), colorSpace='rgb', contrast=1.0, depth=-3.0, flipHoriz=False, flipVert=False, font='Arial', fontFiles=[], height=0.1, italic=False, languageStyle='LTR', name='ss_del', opacity=1.0, ori=0, pos=array([-0.5, -0.1]), rgb=UNKNOWN, text='hoy', units='norm', win=Window(...), wrapWidth=1)
8.0882 	EXP 	Created ll_am = TextStim(__class__=<class 'psychopy.visual.text.TextStim'>, alignHoriz=method-wrapper(...), alignText='center', alignVert=method-wrapper(...), anchorHoriz='center', anchorVert='center', antialias=True, autoLog=True, bold=False, color=array([1., 1., 1.]), colorSpace='rgb', contrast=1.0, depth=-4.0, flipHoriz=False, flipVert=False, font='Arial', fontFiles=[], height=0.1, italic=False, languageStyle='LTR', name='ll_am', opacity=1.0, ori=0, pos=array([0.5, 0.1]), rgb=UNKNOWN, text='$10.000', units='norm', win=Window(...), wrapWidth=1)
8.0907 	EXP 	Created ll_del = TextStim(__class__=<class 'psychopy.visual.text.TextStim'>, alignHoriz=method-wrapper(...), alignText='center', alignVert=method-wrapper(...), anchorHoriz='center', anchorVert='center', antialias=True, autoLog=True, bold=False, color=array([1., 1., 1.]), colorSpace='rgb', contrast=1.0, depth=-5.0, flipHoriz=False, flipVert=False, font='Arial', fontFiles=[], height=0.1, italic=False, languageStyle='LTR', name='ll_del', opacity=1.0, ori=0, pos=array([ 0.5, -0.1]), rgb=UNKNOWN, text='en 7 días', units='norm', win=Window(...), wrapWidth=1)
8.0934 	EXP 	Created Intro4 = TextStim(__class__=<class 'psychopy.visual.text.TextStim'>, alignHoriz=method-wrapper(...), alignText='center', alignVert=method-wrapper(...), anchorHoriz='center', anchorVert='center', antialias=True, autoLog=True, bold=False, color=array([1., 1., 1.]), colorSpace='rgb', contrast=1.0, depth=0.0, flipHoriz=False, flipVert=False, font='Arial', fontFiles=[], height=0.1, italic=False, languageStyle='LTR', name='Intro4', opacity=1.0, ori=0, pos=array([0., 0.]), rgb=UNKNOWN, text='Hagamos unos ensayos de práctica', units='norm', win=Window(...), wrapWidth=1)
8.0958 	EXP 	Created pregunta = TextStim(__class__=<class 'psychopy.visual.text.TextStim'>, alignHoriz=method-wrapper(...), alignText='center', alignVert=method-wrapper(...), anchorHoriz='center', anchorVert='center', antialias=True, autoLog=True, bold=False, color=array([1., 1., 1.]), colorSpace='rgb', contrast=1.0, depth=-1.0, flipHoriz=False, flipVert=False, font='Arial', fontFiles=[], height=0.1, italic=False, languageStyle='LTR', name='pregunta', opacity=1.0, ori=0, pos=array([0. , 0.5]), rgb=UNKNOWN, text='¿qué preferirías?', units='norm', win=Window(...), wrapWidth=1)
8.0966 	EXP 	Created ssAm_P = TextStim(__class__=<class 'psychopy.visual.text.TextStim'>, alignHoriz=method-wrapper(...), alignText='center', alignVert=method-wrapper(...), anchorHoriz='center', anchorVert='center', antialias=True, autoLog=True, bold=False, color=array([1., 1., 1.]), colorSpace='rgb', contrast=1.0, depth=-2.0, flipHoriz=False, flipVert=False, font='Arial', fontFiles=[], height=0.1, italic=False, languageStyle='LTR', name='ssAm_P', opacity=1.0, ori=0, pos=array([0., 0.]), rgb=UNKNOWN, text='', units='norm', win=Window(...), wrapWidth=1)
8.0985 	EXP 	Created ssDel_P = TextStim(__class__=<class 'psychopy.visual.text.TextStim'>, alignHoriz=method-wrapper(...), alignText='center', alignVert=method-wrapper(...), anchorHoriz='center', anchorVert='center', antialias=True, autoLog=True, bold=False, color=array([1., 1., 1.]), colorSpace='rgb', contrast=1.0, depth=-3.0, flipHoriz=False, flipVert=False, font='Arial', fontFiles=[], height=0.1, italic=False, languageStyle='LTR', name='ssDel_P', opacity=1.0, ori=0, pos=array([0., 0.]), rgb=UNKNOWN, text='hoy', units='norm', win=Window(...), wrapWidth=1)
8.0994 	EXP 	Created llAm_P = TextStim(__class__=<class 'psychopy.visual.text.TextStim'>, alignHoriz=method-wrapper(...), alignText='center', alignVert=method-wrapper(...), anchorHoriz='center', anchorVert='center', antialias=True, autoLog=True, bold=False, color=array([1., 1., 1.]), colorSpace='rgb', contrast=1.0, depth=-4.0, flipHoriz=False, flipVert=False, font='Arial', fontFiles=[], height=0.1, italic=False, languageStyle='LTR', name='llAm_P', opacity=1.0, ori=0, pos=array([0., 0.]), rgb=UNKNOWN, text='', units='norm', win=Window(...), wrapWidth=1)
8.1001 	EXP 	Created llDel_P = TextStim(__class__=<class 'psychopy.visual.text.TextStim'>, alignHoriz=method-wrapper(...), alignText='center', alignVert=method-wrapper(...), anchorHoriz='center', anchorVert='center', antialias=True, autoLog=True, bold=False, color=array([1., 1., 1.]), colorSpace='rgb', contrast=1.0, depth=-5.0, flipHoriz=False, flipVert=False, font='Arial', fontFiles=[], height=0.1, italic=False, languageStyle='LTR', name='llDel_P', opacity=1.0, ori=0, pos=array([0., 0.]), rgb=UNKNOWN, text='', units='norm', win=Window(...), wrapWidth=1)
8.1008 	EXP 	Created feedbackP = TextStim(__class__=<class 'psychopy.visual.text.TextStim'>, alignHoriz=method-wrapper(...), alignText='center', alignVert=method-wrapper(...), anchorHoriz='center', anchorVert='center', antialias=True, autoLog=True, bold=False, color=array([1., 1., 1.]), colorSpace='rgb', contrast=1.0, depth=-1.0, flipHoriz=False, flipVert=False, font='Arial', fontFiles=[], height=0.1, italic=False, languageStyle='LTR', name='feedbackP', opacity=1.0, ori=0, pos=array([0., 0.]), rgb=UNKNOWN, text='', units='norm', win=Window(...), wrapWidth=1)
8.1069 	EXP 	Created comienzo = TextStim(__class__=<class 'psychopy.visual.text.TextStim'>, alignHoriz=method-wrapper(...), alignText='center', alignVert=method-wrapper(...), anchorHoriz='center', anchorVert='center', antialias=True, autoLog=True, bold=False, color=array([1., 1., 1.]), colorSpace='rgb', contrast=1.0, depth=0.0, flipHoriz=False, flipVert=False, font='Arial', fontFiles=[], height=0.1, italic=False, languageStyle='LTR', name='comienzo', opacity=1.0, ori=0, pos=array([0., 0.]), rgb=UNKNOWN, text=str(...), units='norm', win=Window(...), wrapWidth=1)
8.1093 	EXP 	Created preguntaT = TextStim(__class__=<class 'psychopy.visual.text.TextStim'>, alignHoriz=method-wrapper(...), alignText='center', alignVert=method-wrapper(...), anchorHoriz='center', anchorVert='center', antialias=True, autoLog=True, bold=False, color=array([1., 1., 1.]), colorSpace='rgb', contrast=1.0, depth=-1.0, flipHoriz=False, flipVert=False, font='Arial', fontFiles=[], height=0.1, italic=False, languageStyle='LTR', name='preguntaT', opacity=1.0, ori=0, pos=array([0. , 0.5]), rgb=UNKNOWN, text='¿qué preferirías?', units='norm', win=Window(...), wrapWidth=1)
8.1101 	EXP 	Created ssAm_T = TextStim(__class__=<class 'psychopy.visual.text.TextStim'>, alignHoriz=method-wrapper(...), alignText='center', alignVert=method-wrapper(...), anchorHoriz='center', anchorVert='center', antialias=True, autoLog=True, bold=False, color=array([1., 1., 1.]), colorSpace='rgb', contrast=1.0, depth=-2.0, flipHoriz=False, flipVert=False, font='Arial', fontFiles=[], height=0.1, italic=False, languageStyle='LTR', name='ssAm_T', opacity=1.0, ori=0, pos=array([0., 0.]), rgb=UNKNOWN, text='', units='norm', win=Window(...), wrapWidth=1)
8.1121 	EXP 	Created ssDel_T = TextStim(__class__=<class 'psychopy.visual.text.TextStim'>, alignHoriz=method-wrapper(...), alignText='center', alignVert=method-wrapper(...), anchorHoriz='center', anchorVert='center', antialias=True, autoLog=True, bold=False, color=array([1., 1., 1.]), colorSpace='rgb', contrast=1.0, depth=-3.0, flipHoriz=False, flipVert=False, font='Arial', fontFiles=[], height=0.1, italic=False, languageStyle='LTR', name='ssDel_T', opacity=1.0, ori=0, pos=array([0., 0.]), rgb=UNKNOWN, text='hoy', units='norm', win=Window(...), wrapWidth=1)
8.1128 	EXP 	Created llAm_T = TextStim(__class__=<class 'psychopy.visual.text.TextStim'>, alignHoriz=method-wrapper(...), alignText='center', alignVert=method-wrapper(...), anchorHoriz='center', anchorVert='center', antialias=True, autoLog=True, bold=False, color=array([1., 1., 1.]), colorSpace='rgb', contrast=1.0, depth=-4.0, flipHoriz=False, flipVert=False, font='Arial', fontFiles=[], height=0.1, italic=False, languageStyle='LTR', name='llAm_T', opacity=1.0, ori=0, pos=array([0., 0.]), rgb=UNKNOWN, text='', units='norm', win=Window(...), wrapWidth=1)
8.1135 	EXP 	Created llDel_T = TextStim(__class__=<class 'psychopy.visual.text.TextStim'>, alignHoriz=method-wrapper(...), alignText='center', alignVert=method-wrapper(...), anchorHoriz='center', anchorVert='center', antialias=True, autoLog=True, bold=False, color=array([1., 1., 1.]), colorSpace='rgb', contrast=1.0, depth=-5.0, flipHoriz=False, flipVert=False, font='Arial', fontFiles=[], height=0.1, italic=False, languageStyle='LTR', name='llDel_T', opacity=1.0, ori=0, pos=array([0., 0.]), rgb=UNKNOWN, text='', units='norm', win=Window(...), wrapWidth=1)
8.1142 	EXP 	Created textfbT = TextStim(__class__=<class 'psychopy.visual.text.TextStim'>, alignHoriz=method-wrapper(...), alignText='center', alignVert=method-wrapper(...), anchorHoriz='center', anchorVert='center', antialias=True, autoLog=True, bold=False, color=array([1., 1., 1.]), colorSpace='rgb', contrast=1.0, depth=-1.0, flipHoriz=False, flipVert=False, font='Arial', fontFiles=[], height=0.1, italic=False, languageStyle='LTR', name='textfbT', opacity=1.0, ori=0, pos=array([0., 0.]), rgb=UNKNOWN, text='', units='norm', win=Window(...), wrapWidth=1)
8.1185 	EXP 	Created Gracias = TextStim(__class__=<class 'psychopy.visual.text.TextStim'>, alignHoriz=method-wrapper(...), alignText='center', alignVert=method-wrapper(...), anchorHoriz='center', anchorVert='center', antialias=True, autoLog=True, bold=False, color=array([1., 1., 1.]), colorSpace='rgb', contrast=1.0, depth=0.0, flipHoriz=False, flipVert=False, font='Arial', fontFiles=[], height=0.1, italic=False, languageStyle='LTR', name='Gracias', opacity=1.0, ori=0, pos=array([0., 0.]), rgb=UNKNOWN, text=str(...), units='norm', win=Window(...), wrapWidth=1)
8.1311 	EXP 	intro1: autoDraw = True
9.1839 	DATA 	Keypress: space
9.1988 	EXP 	intro1: autoDraw = False
9.1988 	EXP 	intro2: autoDraw = True
9.5501 	DATA 	Keypress: space
10.2345 	DATA 	Keypress: space
10.2498 	EXP 	intro2: autoDraw = False
10.2498 	EXP 	intro2_2: autoDraw = True
10.7519 	DATA 	Keypress: space
10.7670 	EXP 	intro2_2: autoDraw = False
10.7670 	EXP 	Intro2_3: autoDraw = True
11.4377 	DATA 	Keypress: space
11.4509 	EXP 	Intro2_3: autoDraw = False
11.4509 	EXP 	intro3: autoDraw = True
11.4509 	EXP 	ss_am: autoDraw = True
11.4509 	EXP 	ss_del: autoDraw = True
11.4509 	EXP 	ll_am: autoDraw = True
11.4509 	EXP 	ll_del: autoDraw = True
12.6037 	DATA 	Keypress: left
12.6188 	EXP 	intro3: autoDraw = False
12.6188 	EXP 	ss_am: autoDraw = False
12.6188 	EXP 	ss_del: autoDraw = False
12.6188 	EXP 	ll_am: autoDraw = False
12.6188 	EXP 	ll_del: autoDraw = False
12.6188 	EXP 	Intro4: autoDraw = True
13.2581 	EXP 	Imported choiceSet_practice.xlsx as conditions, 3 conditions, 5 params
13.2584 	EXP 	Created sequence: random, trialTypes=3, nReps=1, seed=None
13.2586 	EXP 	New trial (rep=0, index=0): {'ssAmount': 10000, 'llAmount': 19000, 'llDelay': '89 días', 'ssAmount_text': '$ 10,000 ', 'llAmount_text': '$ 19,000 '}
13.2670 	DATA 	Keypress: space
13.2694 	EXP 	Intro4: autoDraw = False
13.2694 	EXP 	ssAm_P: height = 0.1
13.2694 	EXP 	ssAm_P: height = 0.1
13.2694 	EXP 	ssAm_P: text = 10000
13.2694 	EXP 	llAm_P: height = 0.1
13.2694 	EXP 	llAm_P: height = 0.1
13.2694 	EXP 	llAm_P: text = 19000
13.2694 	EXP 	llDel_P: height = 0.1
13.2694 	EXP 	llDel_P: height = 0.1
13.2694 	EXP 	llDel_P: text = '89 días'
13.2694 	EXP 	pregunta: autoDraw = True
13.2694 	EXP 	ssAm_P: autoDraw = True
13.2694 	EXP 	ssDel_P: autoDraw = True
13.2694 	EXP 	llAm_P: autoDraw = True
13.2694 	EXP 	llDel_P: autoDraw = True
14.7919 	DATA 	Keypress: right
14.8046 	EXP 	pregunta: autoDraw = False
14.8046 	EXP 	ssAm_P: autoDraw = False
14.8046 	EXP 	ssDel_P: autoDraw = False
14.8046 	EXP 	llAm_P: autoDraw = False
14.8046 	EXP 	llDel_P: autoDraw = False
14.8046 	EXP 	feedbackP: height = 0.1
14.8046 	EXP 	feedbackP: height = 0.1
14.8046 	EXP 	feedbackP: text = 'Elegiste esperar'
14.8046 	EXP 	feedbackP: autoDraw = True
17.6751 	DATA 	Keypress: space
17.7910 	EXP 	New trial (rep=0, index=1): {'ssAmount': 10000, 'llAmount': 109000, 'llDelay': '9 días', 'ssAmount_text': '$ 10,000 ', 'llAmount_text': '$ 109,000 '}
17.8077 	EXP 	feedbackP: autoDraw = False
17.8077 	EXP 	feedbackP: autoDraw = False
17.8077 	EXP 	ssAm_P: height = 0.1
17.8077 	EXP 	ssAm_P: height = 0.1
17.8077 	EXP 	ssAm_P: text = 10000
17.8077 	EXP 	llAm_P: height = 0.1
17.8077 	EXP 	llAm_P: height = 0.1
17.8077 	EXP 	llAm_P: text = 109000
17.8077 	EXP 	llDel_P: height = 0.1
17.8077 	EXP 	llDel_P: height = 0.1
17.8077 	EXP 	llDel_P: text = '9 días'
17.8077 	EXP 	pregunta: autoDraw = True
17.8077 	EXP 	ssAm_P: autoDraw = True
17.8077 	EXP 	ssDel_P: autoDraw = True
17.8077 	EXP 	llAm_P: autoDraw = True
17.8077 	EXP 	llDel_P: autoDraw = True
18.5597 	DATA 	Keypress: left
18.5747 	EXP 	pregunta: autoDraw = False
18.5747 	EXP 	ssAm_P: autoDraw = False
18.5747 	EXP 	ssDel_P: autoDraw = False
18.5747 	EXP 	llAm_P: autoDraw = False
18.5747 	EXP 	llDel_P: autoDraw = False
18.5747 	EXP 	feedbackP: text = 'Elegiste esperar'
18.5747 	EXP 	feedbackP: autoDraw = True
21.5615 	EXP 	New trial (rep=0, index=2): {'ssAmount': 25000, 'llAmount': 35000, 'llDelay': '150 días', 'ssAmount_text': '$ 25,000 ', 'llAmount_text': '$ 35,000 '}
21.5777 	EXP 	feedbackP: autoDraw = False
21.5777 	EXP 	feedbackP: autoDraw = False
21.5777 	EXP 	ssAm_P: height = 0.1
21.5777 	EXP 	ssAm_P: height = 0.1
21.5777 	EXP 	ssAm_P: text = 25000
21.5777 	EXP 	llAm_P: height = 0.1
21.5777 	EXP 	llAm_P: height = 0.1
21.5777 	EXP 	llAm_P: text = 35000
21.5777 	EXP 	llDel_P: height = 0.1
21.5777 	EXP 	llDel_P: height = 0.1
21.5777 	EXP 	llDel_P: text = '150 días'
21.5777 	EXP 	pregunta: autoDraw = True
21.5777 	EXP 	ssAm_P: autoDraw = True
21.5777 	EXP 	ssDel_P: autoDraw = True
21.5777 	EXP 	llAm_P: autoDraw = True
21.5777 	EXP 	llDel_P: autoDraw = True
23.2153 	DATA 	Keypress: escape
23.4688 	EXP 	window1: mouseVisible = True
