1.2226 	WARNING 	We strongly recommend you activate the PTB sound engine in PsychoPy prefs as the preferred audio engine. Its timing is vastly superior. Your prefs are currently set to use ['sounddevice', 'PTB', 'pyo', 'pygame'] (in that order).
5.3908 	WARNING 	User requested fullscreen with size [1280  800], but screen is actually [1920, 1080]. Using actual size
5.9930 	EXP 	Created window1 = Window(allowGUI=False, allowStencil=False, autoLog=True, backendConf=UNKNOWN, bitsMode=UNKNOWN, blendMode='avg', bpc=(8, 8, 8), color=array([0, 0, 0]), colorSpace='rgb', depthBits=8, fullscr=<method-wrapper '__getattribute__' of attributeSetter object at 0x000002CB13064460>, gamma=None, gammaErrorPolicy='raise', lms=UNKNOWN, monitor=<psychopy.monitors.calibTools.Monitor object at 0x000002CAC9BF7D90>, multiSample=False, name='window1', numSamples=2, pos=(0, 0), screen=0, size=array([1920, 1080]), stencilBits=0, stereo=False, units='norm', useFBO=True, useRetina=False, viewOri=0.0, viewPos=None, viewScale=None, waitBlanking=True, winType='pyglet')
5.9933 	EXP 	window1: mouseVisible = True
5.9933 	EXP 	window1: Attempting to measure frame rate of screen (0) ...
5.9933 	EXP 	window1: recordFrameIntervals = False
6.1595 	EXP 	window1: recordFrameIntervals = True
6.3431 	EXP 	Screen (0) actual frame rate measured at 60.07Hz
6.3431 	EXP 	window1: recordFrameIntervals = False
8.0374 	EXP 	Created intro1 = TextStim(__class__=<class 'psychopy.visual.text.TextStim'>, alignHoriz=method-wrapper(...), alignText='center', alignVert=method-wrapper(...), anchorHoriz='center', anchorVert='center', antialias=True, autoLog=True, bold=False, color=array([1., 1., 1.]), colorSpace='rgb', contrast=1.0, depth=0.0, flipHoriz=False, flipVert=False, font='Arial', fontFiles=[], height=0.1, italic=False, languageStyle='LTR', name='intro1', opacity=1.0, ori=0, pos=array([0., 0.]), rgb=UNKNOWN, text=str(...), units='norm', win=Window(...), wrapWidth=1)
8.0555 	EXP 	Created intro2 = TextStim(__class__=<class 'psychopy.visual.text.TextStim'>, alignHoriz=method-wrapper(...), alignText='center', alignVert=method-wrapper(...), anchorHoriz='center', anchorVert='center', antialias=True, autoLog=True, bold=False, color=array([1., 1., 1.]), colorSpace='rgb', contrast=1.0, depth=0.0, flipHoriz=False, flipVert=False, font='Arial', fontFiles=[], height=0.06, italic=False, languageStyle='LTR', name='intro2', opacity=1.0, ori=0, pos=array([0., 0.]), rgb=UNKNOWN, text=str(...), units='norm', win=Window(...), wrapWidth=1)
8.0699 	EXP 	Created intro2_2 = TextStim(__class__=<class 'psychopy.visual.text.TextStim'>, alignHoriz=method-wrapper(...), alignText='center', alignVert=method-wrapper(...), anchorHoriz='center', anchorVert='center', antialias=True, autoLog=True, bold=False, color=array([1., 1., 1.]), colorSpace='rgb', contrast=1.0, depth=0.0, flipHoriz=False, flipVert=False, font='Arial', fontFiles=[], height=0.06, italic=False, languageStyle='LTR', name='intro2_2', opacity=1.0, ori=0, pos=array([0., 0.]), rgb=UNKNOWN, text=str(...), units='norm', win=Window(...), wrapWidth=1)
8.0777 	EXP 	Created Intro2_3 = TextStim(__class__=<class 'psychopy.visual.text.TextStim'>, alignHoriz=method-wrapper(...), alignText='center', alignVert=method-wrapper(...), anchorHoriz='center', anchorVert='center', antialias=True, autoLog=True, bold=False, color=array([1., 1., 1.]), colorSpace='rgb', contrast=1.0, depth=0.0, flipHoriz=False, flipVert=False, font='Arial', fontFiles=[], height=0.1, italic=False, languageStyle='LTR', name='Intro2_3', opacity=1.0, ori=0, pos=array([0., 0.]), rgb=UNKNOWN, text=str(...), units='norm', win=Window(...), wrapWidth=1)
8.0818 	EXP 	Created intro3 = TextStim(__class__=<class 'psychopy.visual.text.TextStim'>, alignHoriz=method-wrapper(...), alignText='center', alignVert=method-wrapper(...), anchorHoriz='center', anchorVert='center', antialias=True, autoLog=True, bold=False, color=array([1., 1., 1.]), colorSpace='rgb', contrast=1.0, depth=-1.0, flipHoriz=False, flipVert=False, font='Arial', fontFiles=[], height=0.1, italic=False, languageStyle='LTR', name='intro3', opacity=1.0, ori=0, pos=array([0. , 0.5]), rgb=UNKNOWN, text='Por ejemplo, ¿qué preferirías?', units='norm', win=Window(...), wrapWidth=1)
8.0848 	EXP 	Created ss_am = TextStim(__class__=<class 'psychopy.visual.text.TextStim'>, alignHoriz=method-wrapper(...), alignText='center', alignVert=method-wrapper(...), anchorHoriz='center', anchorVert='center', antialias=True, autoLog=True, bold=False, color=array([1., 1., 1.]), colorSpace='rgb', contrast=1.0, depth=-2.0, flipHoriz=False, flipVert=False, font='Arial', fontFiles=[], height=0.1, italic=False, languageStyle='LTR', name='ss_am', opacity=1.0, ori=0, pos=array([-0.5,  0.1]), rgb=UNKNOWN, text='$5.000', units='norm', win=Window(...), wrapWidth=1)
8.0869 	EXP 	Created ss_del = TextStim(__class__=<class 'psychopy.visual.text.TextStim'>, alignHoriz=method-wrapper(...), alignText='center', alignVert=method-wrapper(...), anchorHoriz='center', anchorVert='center', antialias=True, autoLog=True, bold=False, color=array([1., 1., 1.]), colorSpace='rgb', contrast=1.0, depth=-3.0, flipHoriz=False, flipVert=False, font='Arial', fontFiles=[], height=0.1, italic=False, languageStyle='LTR', name='ss_del', opacity=1.0, ori=0, pos=array([-0.5, -0.1]), rgb=UNKNOWN, text='hoy', units='norm', win=Window(...), wrapWidth=1)
8.0893 	EXP 	Created ll_am = TextStim(__class__=<class 'psychopy.visual.text.TextStim'>, alignHoriz=method-wrapper(...), alignText='center', alignVert=method-wrapper(...), anchorHoriz='center', anchorVert='center', antialias=True, autoLog=True, bold=False, color=array([1., 1., 1.]), colorSpace='rgb', contrast=1.0, depth=-4.0, flipHoriz=False, flipVert=False, font='Arial', fontFiles=[], height=0.1, italic=False, languageStyle='LTR', name='ll_am', opacity=1.0, ori=0, pos=array([0.5, 0.1]), rgb=UNKNOWN, text='$10.000', units='norm', win=Window(...), wrapWidth=1)
8.0919 	EXP 	Created ll_del = TextStim(__class__=<class 'psychopy.visual.text.TextStim'>, alignHoriz=method-wrapper(...), alignText='center', alignVert=method-wrapper(...), anchorHoriz='center', anchorVert='center', antialias=True, autoLog=True, bold=False, color=array([1., 1., 1.]), colorSpace='rgb', contrast=1.0, depth=-5.0, flipHoriz=False, flipVert=False, font='Arial', fontFiles=[], height=0.1, italic=False, languageStyle='LTR', name='ll_del', opacity=1.0, ori=0, pos=array([ 0.5, -0.1]), rgb=UNKNOWN, text='en 7 días', units='norm', win=Window(...), wrapWidth=1)
8.0946 	EXP 	Created Intro4 = TextStim(__class__=<class 'psychopy.visual.text.TextStim'>, alignHoriz=method-wrapper(...), alignText='center', alignVert=method-wrapper(...), anchorHoriz='center', anchorVert='center', antialias=True, autoLog=True, bold=False, color=array([1., 1., 1.]), colorSpace='rgb', contrast=1.0, depth=0.0, flipHoriz=False, flipVert=False, font='Arial', fontFiles=[], height=0.1, italic=False, languageStyle='LTR', name='Intro4', opacity=1.0, ori=0, pos=array([0., 0.]), rgb=UNKNOWN, text='Hagamos unos ensayos de práctica', units='norm', win=Window(...), wrapWidth=1)
8.0969 	EXP 	Created pregunta = TextStim(__class__=<class 'psychopy.visual.text.TextStim'>, alignHoriz=method-wrapper(...), alignText='center', alignVert=method-wrapper(...), anchorHoriz='center', anchorVert='center', antialias=True, autoLog=True, bold=False, color=array([1., 1., 1.]), colorSpace='rgb', contrast=1.0, depth=-1.0, flipHoriz=False, flipVert=False, font='Arial', fontFiles=[], height=0.1, italic=False, languageStyle='LTR', name='pregunta', opacity=1.0, ori=0, pos=array([0. , 0.5]), rgb=UNKNOWN, text='¿qué preferirías?', units='norm', win=Window(...), wrapWidth=1)
8.0977 	EXP 	Created ssAm_P = TextStim(__class__=<class 'psychopy.visual.text.TextStim'>, alignHoriz=method-wrapper(...), alignText='center', alignVert=method-wrapper(...), anchorHoriz='center', anchorVert='center', antialias=True, autoLog=True, bold=False, color=array([1., 1., 1.]), colorSpace='rgb', contrast=1.0, depth=-2.0, flipHoriz=False, flipVert=False, font='Arial', fontFiles=[], height=0.1, italic=False, languageStyle='LTR', name='ssAm_P', opacity=1.0, ori=0, pos=array([0., 0.]), rgb=UNKNOWN, text='', units='norm', win=Window(...), wrapWidth=1)
8.0996 	EXP 	Created ssDel_P = TextStim(__class__=<class 'psychopy.visual.text.TextStim'>, alignHoriz=method-wrapper(...), alignText='center', alignVert=method-wrapper(...), anchorHoriz='center', anchorVert='center', antialias=True, autoLog=True, bold=False, color=array([1., 1., 1.]), colorSpace='rgb', contrast=1.0, depth=-3.0, flipHoriz=False, flipVert=False, font='Arial', fontFiles=[], height=0.1, italic=False, languageStyle='LTR', name='ssDel_P', opacity=1.0, ori=0, pos=array([0., 0.]), rgb=UNKNOWN, text='hoy', units='norm', win=Window(...), wrapWidth=1)
8.1005 	EXP 	Created llAm_P = TextStim(__class__=<class 'psychopy.visual.text.TextStim'>, alignHoriz=method-wrapper(...), alignText='center', alignVert=method-wrapper(...), anchorHoriz='center', anchorVert='center', antialias=True, autoLog=True, bold=False, color=array([1., 1., 1.]), colorSpace='rgb', contrast=1.0, depth=-4.0, flipHoriz=False, flipVert=False, font='Arial', fontFiles=[], height=0.1, italic=False, languageStyle='LTR', name='llAm_P', opacity=1.0, ori=0, pos=array([0., 0.]), rgb=UNKNOWN, text='', units='norm', win=Window(...), wrapWidth=1)
8.1012 	EXP 	Created llDel_P = TextStim(__class__=<class 'psychopy.visual.text.TextStim'>, alignHoriz=method-wrapper(...), alignText='center', alignVert=method-wrapper(...), anchorHoriz='center', anchorVert='center', antialias=True, autoLog=True, bold=False, color=array([1., 1., 1.]), colorSpace='rgb', contrast=1.0, depth=-5.0, flipHoriz=False, flipVert=False, font='Arial', fontFiles=[], height=0.1, italic=False, languageStyle='LTR', name='llDel_P', opacity=1.0, ori=0, pos=array([0., 0.]), rgb=UNKNOWN, text='', units='norm', win=Window(...), wrapWidth=1)
8.1019 	EXP 	Created feedbackP = TextStim(__class__=<class 'psychopy.visual.text.TextStim'>, alignHoriz=method-wrapper(...), alignText='center', alignVert=method-wrapper(...), anchorHoriz='center', anchorVert='center', antialias=True, autoLog=True, bold=False, color=array([1., 1., 1.]), colorSpace='rgb', contrast=1.0, depth=-1.0, flipHoriz=False, flipVert=False, font='Arial', fontFiles=[], height=0.1, italic=False, languageStyle='LTR', name='feedbackP', opacity=1.0, ori=0, pos=array([0., 0.]), rgb=UNKNOWN, text='', units='norm', win=Window(...), wrapWidth=1)
8.1078 	EXP 	Created comienzo = TextStim(__class__=<class 'psychopy.visual.text.TextStim'>, alignHoriz=method-wrapper(...), alignText='center', alignVert=method-wrapper(...), anchorHoriz='center', anchorVert='center', antialias=True, autoLog=True, bold=False, color=array([1., 1., 1.]), colorSpace='rgb', contrast=1.0, depth=0.0, flipHoriz=False, flipVert=False, font='Arial', fontFiles=[], height=0.1, italic=False, languageStyle='LTR', name='comienzo', opacity=1.0, ori=0, pos=array([0., 0.]), rgb=UNKNOWN, text=str(...), units='norm', win=Window(...), wrapWidth=1)
8.1101 	EXP 	Created preguntaT = TextStim(__class__=<class 'psychopy.visual.text.TextStim'>, alignHoriz=method-wrapper(...), alignText='center', alignVert=method-wrapper(...), anchorHoriz='center', anchorVert='center', antialias=True, autoLog=True, bold=False, color=array([1., 1., 1.]), colorSpace='rgb', contrast=1.0, depth=-1.0, flipHoriz=False, flipVert=False, font='Arial', fontFiles=[], height=0.1, italic=False, languageStyle='LTR', name='preguntaT', opacity=1.0, ori=0, pos=array([0. , 0.5]), rgb=UNKNOWN, text='¿qué preferirías?', units='norm', win=Window(...), wrapWidth=1)
8.1109 	EXP 	Created ssAm_T = TextStim(__class__=<class 'psychopy.visual.text.TextStim'>, alignHoriz=method-wrapper(...), alignText='center', alignVert=method-wrapper(...), anchorHoriz='center', anchorVert='center', antialias=True, autoLog=True, bold=False, color=array([1., 1., 1.]), colorSpace='rgb', contrast=1.0, depth=-2.0, flipHoriz=False, flipVert=False, font='Arial', fontFiles=[], height=0.1, italic=False, languageStyle='LTR', name='ssAm_T', opacity=1.0, ori=0, pos=array([0., 0.]), rgb=UNKNOWN, text='', units='norm', win=Window(...), wrapWidth=1)
8.1128 	EXP 	Created ssDel_T = TextStim(__class__=<class 'psychopy.visual.text.TextStim'>, alignHoriz=method-wrapper(...), alignText='center', alignVert=method-wrapper(...), anchorHoriz='center', anchorVert='center', antialias=True, autoLog=True, bold=False, color=array([1., 1., 1.]), colorSpace='rgb', contrast=1.0, depth=-3.0, flipHoriz=False, flipVert=False, font='Arial', fontFiles=[], height=0.1, italic=False, languageStyle='LTR', name='ssDel_T', opacity=1.0, ori=0, pos=array([0., 0.]), rgb=UNKNOWN, text='hoy', units='norm', win=Window(...), wrapWidth=1)
8.1136 	EXP 	Created llAm_T = TextStim(__class__=<class 'psychopy.visual.text.TextStim'>, alignHoriz=method-wrapper(...), alignText='center', alignVert=method-wrapper(...), anchorHoriz='center', anchorVert='center', antialias=True, autoLog=True, bold=False, color=array([1., 1., 1.]), colorSpace='rgb', contrast=1.0, depth=-4.0, flipHoriz=False, flipVert=False, font='Arial', fontFiles=[], height=0.1, italic=False, languageStyle='LTR', name='llAm_T', opacity=1.0, ori=0, pos=array([0., 0.]), rgb=UNKNOWN, text='', units='norm', win=Window(...), wrapWidth=1)
8.1143 	EXP 	Created llDel_T = TextStim(__class__=<class 'psychopy.visual.text.TextStim'>, alignHoriz=method-wrapper(...), alignText='center', alignVert=method-wrapper(...), anchorHoriz='center', anchorVert='center', antialias=True, autoLog=True, bold=False, color=array([1., 1., 1.]), colorSpace='rgb', contrast=1.0, depth=-5.0, flipHoriz=False, flipVert=False, font='Arial', fontFiles=[], height=0.1, italic=False, languageStyle='LTR', name='llDel_T', opacity=1.0, ori=0, pos=array([0., 0.]), rgb=UNKNOWN, text='', units='norm', win=Window(...), wrapWidth=1)
8.1150 	EXP 	Created textfbT = TextStim(__class__=<class 'psychopy.visual.text.TextStim'>, alignHoriz=method-wrapper(...), alignText='center', alignVert=method-wrapper(...), anchorHoriz='center', anchorVert='center', antialias=True, autoLog=True, bold=False, color=array([1., 1., 1.]), colorSpace='rgb', contrast=1.0, depth=-1.0, flipHoriz=False, flipVert=False, font='Arial', fontFiles=[], height=0.1, italic=False, languageStyle='LTR', name='textfbT', opacity=1.0, ori=0, pos=array([0., 0.]), rgb=UNKNOWN, text='', units='norm', win=Window(...), wrapWidth=1)
8.1194 	EXP 	Created Gracias = TextStim(__class__=<class 'psychopy.visual.text.TextStim'>, alignHoriz=method-wrapper(...), alignText='center', alignVert=method-wrapper(...), anchorHoriz='center', anchorVert='center', antialias=True, autoLog=True, bold=False, color=array([1., 1., 1.]), colorSpace='rgb', contrast=1.0, depth=0.0, flipHoriz=False, flipVert=False, font='Arial', fontFiles=[], height=0.1, italic=False, languageStyle='LTR', name='Gracias', opacity=1.0, ori=0, pos=array([0., 0.]), rgb=UNKNOWN, text=str(...), units='norm', win=Window(...), wrapWidth=1)
8.1281 	EXP 	intro1: autoDraw = True
9.6001 	DATA 	Keypress: space
9.6129 	EXP 	intro1: autoDraw = False
9.6129 	EXP 	intro2: autoDraw = True
10.7655 	DATA 	Keypress: space
10.7807 	EXP 	intro2: autoDraw = False
10.7807 	EXP 	intro2_2: autoDraw = True
12.0336 	DATA 	Keypress: space
12.0486 	EXP 	intro2_2: autoDraw = False
12.0486 	EXP 	Intro2_3: autoDraw = True
13.0694 	DATA 	Keypress: space
13.0830 	EXP 	Intro2_3: autoDraw = False
13.0830 	EXP 	intro3: autoDraw = True
13.0830 	EXP 	ss_am: autoDraw = True
13.0830 	EXP 	ss_del: autoDraw = True
13.0830 	EXP 	ll_am: autoDraw = True
13.0830 	EXP 	ll_del: autoDraw = True
15.8706 	DATA 	Keypress: right
15.8858 	EXP 	intro3: autoDraw = False
15.8858 	EXP 	ss_am: autoDraw = False
15.8858 	EXP 	ss_del: autoDraw = False
15.8858 	EXP 	ll_am: autoDraw = False
15.8858 	EXP 	ll_del: autoDraw = False
15.8858 	EXP 	Intro4: autoDraw = True
19.6445 	EXP 	Imported choiceSet_practice.xlsx as conditions, 3 conditions, 3 params
19.6448 	EXP 	Created sequence: random, trialTypes=3, nReps=1, seed=None
19.6450 	EXP 	New trial (rep=0, index=0): {'ssAmount': 25000, 'llAmount': 35000, 'llDelay': 150}
19.6527 	DATA 	Keypress: space
19.6562 	EXP 	Intro4: autoDraw = False
19.6562 	EXP 	ssAm_P: height = 0.1
19.6562 	EXP 	ssAm_P: height = 0.1
19.6562 	EXP 	ssAm_P: text = 'ssAmount'
19.6562 	EXP 	llAm_P: height = 0.1
19.6562 	EXP 	llAm_P: height = 0.1
19.6562 	EXP 	llAm_P: text = 'llAmount'
19.6562 	EXP 	llDel_P: height = 0.1
19.6562 	EXP 	llDel_P: height = 0.1
19.6562 	EXP 	llDel_P: text = 'llDelay'
19.6562 	EXP 	pregunta: autoDraw = True
19.6562 	EXP 	ssAm_P: autoDraw = True
19.6562 	EXP 	ssDel_P: autoDraw = True
19.6562 	EXP 	llAm_P: autoDraw = True
19.6562 	EXP 	llDel_P: autoDraw = True
22.9971 	DATA 	Keypress: left
23.0095 	EXP 	pregunta: autoDraw = False
23.0095 	EXP 	ssAm_P: autoDraw = False
23.0095 	EXP 	ssDel_P: autoDraw = False
23.0095 	EXP 	llAm_P: autoDraw = False
23.0095 	EXP 	llDel_P: autoDraw = False
23.0095 	EXP 	feedbackP: height = 0.1
23.0095 	EXP 	feedbackP: height = 0.1
23.0095 	EXP 	feedbackP: text = 'Elegiste no esperar'
23.0095 	EXP 	feedbackP: autoDraw = True
23.5778 	DATA 	Keypress: space
25.0959 	DATA 	Keypress: space
25.9967 	EXP 	New trial (rep=0, index=1): {'ssAmount': 10000, 'llAmount': 19000, 'llDelay': 89}
26.0129 	EXP 	feedbackP: autoDraw = False
26.0129 	EXP 	feedbackP: autoDraw = False
26.0129 	EXP 	ssAm_P: text = 'ssAmount'
26.0129 	EXP 	llAm_P: text = 'llAmount'
26.0129 	EXP 	llDel_P: text = 'llDelay'
26.0129 	EXP 	pregunta: autoDraw = True
26.0129 	EXP 	ssAm_P: autoDraw = True
26.0129 	EXP 	ssDel_P: autoDraw = True
26.0129 	EXP 	llAm_P: autoDraw = True
26.0129 	EXP 	llDel_P: autoDraw = True
26.8653 	DATA 	Keypress: left
26.8800 	EXP 	pregunta: autoDraw = False
26.8800 	EXP 	ssAm_P: autoDraw = False
26.8800 	EXP 	ssDel_P: autoDraw = False
26.8800 	EXP 	llAm_P: autoDraw = False
26.8800 	EXP 	llDel_P: autoDraw = False
26.8800 	EXP 	feedbackP: text = 'Elegiste no esperar'
26.8800 	EXP 	feedbackP: autoDraw = True
27.7819 	DATA 	Keypress: space
29.8668 	EXP 	New trial (rep=0, index=2): {'ssAmount': 10000, 'llAmount': 109000, 'llDelay': 9}
29.8830 	EXP 	feedbackP: autoDraw = False
29.8830 	EXP 	feedbackP: autoDraw = False
29.8830 	EXP 	ssAm_P: text = 'ssAmount'
29.8830 	EXP 	llAm_P: text = 'llAmount'
29.8830 	EXP 	llDel_P: text = 'llDelay'
29.8830 	EXP 	pregunta: autoDraw = True
29.8830 	EXP 	ssAm_P: autoDraw = True
29.8830 	EXP 	ssDel_P: autoDraw = True
29.8830 	EXP 	llAm_P: autoDraw = True
29.8830 	EXP 	llDel_P: autoDraw = True
30.5853 	DATA 	Keypress: left
30.6004 	EXP 	pregunta: autoDraw = False
30.6004 	EXP 	ssAm_P: autoDraw = False
30.6004 	EXP 	ssDel_P: autoDraw = False
30.6004 	EXP 	llAm_P: autoDraw = False
30.6004 	EXP 	llDel_P: autoDraw = False
30.6004 	EXP 	feedbackP: text = 'Elegiste no esperar'
30.6004 	EXP 	feedbackP: autoDraw = True
33.6033 	EXP 	feedbackP: autoDraw = False
33.6033 	EXP 	feedbackP: autoDraw = False
33.6033 	EXP 	comienzo: autoDraw = True
35.0392 	DATA 	Keypress: space
35.5979 	EXP 	Imported choiceSet_trials.xlsx as conditions, 90 conditions, 4 params
35.5987 	EXP 	Created sequence: random, trialTypes=90, nReps=1, seed=None
35.5989 	EXP 	New trial (rep=0, index=0): {'ss_Amt': 5000, 'ss_Delay': 0, 'll_Amt': 14000, 'll_Delay': 149}
35.6098 	DATA 	Keypress: g
35.6220 	EXP 	comienzo: autoDraw = False
35.6220 	EXP 	ssAm_T: height = 0.1
35.6220 	EXP 	ssAm_T: height = 0.1
35.6220 	EXP 	ssAm_T: text = 'ss_Amt'
35.6220 	EXP 	llAm_T: height = 0.1
35.6220 	EXP 	llAm_T: height = 0.1
35.6220 	EXP 	llAm_T: text = 'll_Amt'
35.6220 	EXP 	llDel_T: height = 0.1
35.6220 	EXP 	llDel_T: height = 0.1
35.6220 	EXP 	llDel_T: text = 'll_Delay'
35.6220 	EXP 	preguntaT: autoDraw = True
35.6220 	EXP 	ssAm_T: autoDraw = True
35.6220 	EXP 	ssDel_T: autoDraw = True
35.6220 	EXP 	llAm_T: autoDraw = True
35.6220 	EXP 	llDel_T: autoDraw = True
36.6755 	DATA 	Keypress: right
36.7064 	EXP 	preguntaT: autoDraw = False
36.7064 	EXP 	ssAm_T: autoDraw = False
36.7064 	EXP 	ssDel_T: autoDraw = False
36.7064 	EXP 	llAm_T: autoDraw = False
36.7064 	EXP 	llDel_T: autoDraw = False
36.7064 	EXP 	textfbT: height = 0.1
36.7064 	EXP 	textfbT: height = 0.1
36.7064 	EXP 	textfbT: text = 'Elegiste no esperar'
36.7064 	EXP 	textfbT: autoDraw = True
39.6933 	EXP 	New trial (rep=0, index=1): {'ss_Amt': 5000, 'ss_Delay': 0, 'll_Amt': 151000, 'll_Delay': 4}
39.7094 	EXP 	textfbT: autoDraw = False
39.7094 	EXP 	textfbT: autoDraw = False
39.7094 	EXP 	ssAm_T: text = 'ss_Amt'
39.7094 	EXP 	llAm_T: text = 'll_Amt'
39.7094 	EXP 	llDel_T: text = 'll_Delay'
39.7094 	EXP 	preguntaT: autoDraw = True
39.7094 	EXP 	ssAm_T: autoDraw = True
39.7094 	EXP 	ssDel_T: autoDraw = True
39.7094 	EXP 	llAm_T: autoDraw = True
39.7094 	EXP 	llDel_T: autoDraw = True
41.1293 	DATA 	Keypress: right
41.1441 	EXP 	preguntaT: autoDraw = False
41.1441 	EXP 	ssAm_T: autoDraw = False
41.1441 	EXP 	ssDel_T: autoDraw = False
41.1441 	EXP 	llAm_T: autoDraw = False
41.1441 	EXP 	llDel_T: autoDraw = False
41.1441 	EXP 	textfbT: text = 'Elegiste no esperar'
41.1441 	EXP 	textfbT: autoDraw = True
44.1313 	EXP 	New trial (rep=0, index=2): {'ss_Amt': 10000, 'ss_Delay': 0, 'll_Amt': 109000, 'll_Delay': 5}
44.1471 	EXP 	textfbT: autoDraw = False
44.1471 	EXP 	textfbT: autoDraw = False
44.1471 	EXP 	ssAm_T: text = 'ss_Amt'
44.1471 	EXP 	llAm_T: text = 'll_Amt'
44.1471 	EXP 	llDel_T: text = 'll_Delay'
44.1471 	EXP 	preguntaT: autoDraw = True
44.1471 	EXP 	ssAm_T: autoDraw = True
44.1471 	EXP 	ssDel_T: autoDraw = True
44.1471 	EXP 	llAm_T: autoDraw = True
44.1471 	EXP 	llDel_T: autoDraw = True
46.9193 	DATA 	Keypress: escape
47.4729 	EXP 	window1: mouseVisible = True
