1.2218 	WARNING 	We strongly recommend you activate the PTB sound engine in PsychoPy prefs as the preferred audio engine. Its timing is vastly superior. Your prefs are currently set to use ['sounddevice', 'PTB', 'pyo', 'pygame'] (in that order).
5.0192 	WARNING 	User requested fullscreen with size [1280  800], but screen is actually [1920, 1080]. Using actual size
5.6348 	EXP 	Created window1 = Window(allowGUI=False, allowStencil=False, autoLog=True, backendConf=UNKNOWN, bitsMode=UNKNOWN, blendMode='avg', bpc=(8, 8, 8), color=array([0, 0, 0]), colorSpace='rgb', depthBits=8, fullscr=<method-wrapper '__getattribute__' of attributeSetter object at 0x00000256141B1430>, gamma=None, gammaErrorPolicy='raise', lms=UNKNOWN, monitor=<psychopy.monitors.calibTools.Monitor object at 0x0000025613046D60>, multiSample=False, name='window1', numSamples=2, pos=(0, 0), screen=0, size=array([1920, 1080]), stencilBits=0, stereo=False, units='norm', useFBO=True, useRetina=False, viewOri=0.0, viewPos=None, viewScale=None, waitBlanking=True, winType='pyglet')
5.6350 	EXP 	window1: mouseVisible = True
5.6350 	EXP 	window1: Attempting to measure frame rate of screen (0) ...
5.6350 	EXP 	window1: recordFrameIntervals = False
5.8013 	EXP 	window1: recordFrameIntervals = True
5.9849 	EXP 	Screen (0) actual frame rate measured at 59.95Hz
5.9849 	EXP 	window1: recordFrameIntervals = False
7.6809 	EXP 	Created intro1 = TextStim(__class__=<class 'psychopy.visual.text.TextStim'>, alignHoriz=method-wrapper(...), alignText='center', alignVert=method-wrapper(...), anchorHoriz='center', anchorVert='center', antialias=True, autoLog=True, bold=False, color=array([1., 1., 1.]), colorSpace='rgb', contrast=1.0, depth=0.0, flipHoriz=False, flipVert=False, font='Arial', fontFiles=[], height=0.1, italic=False, languageStyle='LTR', name='intro1', opacity=1.0, ori=0, pos=array([0., 0.]), rgb=UNKNOWN, text=str(...), units='norm', win=Window(...), wrapWidth=1)
7.6987 	EXP 	Created intro2 = TextStim(__class__=<class 'psychopy.visual.text.TextStim'>, alignHoriz=method-wrapper(...), alignText='center', alignVert=method-wrapper(...), anchorHoriz='center', anchorVert='center', antialias=True, autoLog=True, bold=False, color=array([1., 1., 1.]), colorSpace='rgb', contrast=1.0, depth=0.0, flipHoriz=False, flipVert=False, font='Arial', fontFiles=[], height=0.06, italic=False, languageStyle='LTR', name='intro2', opacity=1.0, ori=0, pos=array([0., 0.]), rgb=UNKNOWN, text=str(...), units='norm', win=Window(...), wrapWidth=1)
7.7124 	EXP 	Created intro2_2 = TextStim(__class__=<class 'psychopy.visual.text.TextStim'>, alignHoriz=method-wrapper(...), alignText='center', alignVert=method-wrapper(...), anchorHoriz='center', anchorVert='center', antialias=True, autoLog=True, bold=False, color=array([1., 1., 1.]), colorSpace='rgb', contrast=1.0, depth=0.0, flipHoriz=False, flipVert=False, font='Arial', fontFiles=[], height=0.06, italic=False, languageStyle='LTR', name='intro2_2', opacity=1.0, ori=0, pos=array([0., 0.]), rgb=UNKNOWN, text=str(...), units='norm', win=Window(...), wrapWidth=1)
7.7202 	EXP 	Created Intro2_3 = TextStim(__class__=<class 'psychopy.visual.text.TextStim'>, alignHoriz=method-wrapper(...), alignText='center', alignVert=method-wrapper(...), anchorHoriz='center', anchorVert='center', antialias=True, autoLog=True, bold=False, color=array([1., 1., 1.]), colorSpace='rgb', contrast=1.0, depth=0.0, flipHoriz=False, flipVert=False, font='Arial', fontFiles=[], height=0.1, italic=False, languageStyle='LTR', name='Intro2_3', opacity=1.0, ori=0, pos=array([0., 0.]), rgb=UNKNOWN, text=str(...), units='norm', win=Window(...), wrapWidth=1)
7.7244 	EXP 	Created intro3 = TextStim(__class__=<class 'psychopy.visual.text.TextStim'>, alignHoriz=method-wrapper(...), alignText='center', alignVert=method-wrapper(...), anchorHoriz='center', anchorVert='center', antialias=True, autoLog=True, bold=False, color=array([1., 1., 1.]), colorSpace='rgb', contrast=1.0, depth=-1.0, flipHoriz=False, flipVert=False, font='Arial', fontFiles=[], height=0.1, italic=False, languageStyle='LTR', name='intro3', opacity=1.0, ori=0, pos=array([0. , 0.5]), rgb=UNKNOWN, text='Por ejemplo, ¿qué preferirías?', units='norm', win=Window(...), wrapWidth=1)
7.7274 	EXP 	Created ss_am = TextStim(__class__=<class 'psychopy.visual.text.TextStim'>, alignHoriz=method-wrapper(...), alignText='center', alignVert=method-wrapper(...), anchorHoriz='center', anchorVert='center', antialias=True, autoLog=True, bold=False, color=array([1., 1., 1.]), colorSpace='rgb', contrast=1.0, depth=-2.0, flipHoriz=False, flipVert=False, font='Arial', fontFiles=[], height=0.1, italic=False, languageStyle='LTR', name='ss_am', opacity=1.0, ori=0, pos=array([-0.5,  0.1]), rgb=UNKNOWN, text='$5.000', units='norm', win=Window(...), wrapWidth=1)
7.7293 	EXP 	Created ss_del = TextStim(__class__=<class 'psychopy.visual.text.TextStim'>, alignHoriz=method-wrapper(...), alignText='center', alignVert=method-wrapper(...), anchorHoriz='center', anchorVert='center', antialias=True, autoLog=True, bold=False, color=array([1., 1., 1.]), colorSpace='rgb', contrast=1.0, depth=-3.0, flipHoriz=False, flipVert=False, font='Arial', fontFiles=[], height=0.1, italic=False, languageStyle='LTR', name='ss_del', opacity=1.0, ori=0, pos=array([-0.5, -0.1]), rgb=UNKNOWN, text='hoy', units='norm', win=Window(...), wrapWidth=1)
7.7318 	EXP 	Created ll_am = TextStim(__class__=<class 'psychopy.visual.text.TextStim'>, alignHoriz=method-wrapper(...), alignText='center', alignVert=method-wrapper(...), anchorHoriz='center', anchorVert='center', antialias=True, autoLog=True, bold=False, color=array([1., 1., 1.]), colorSpace='rgb', contrast=1.0, depth=-4.0, flipHoriz=False, flipVert=False, font='Arial', fontFiles=[], height=0.1, italic=False, languageStyle='LTR', name='ll_am', opacity=1.0, ori=0, pos=array([0.5, 0.1]), rgb=UNKNOWN, text='$10.000', units='norm', win=Window(...), wrapWidth=1)
7.7344 	EXP 	Created ll_del = TextStim(__class__=<class 'psychopy.visual.text.TextStim'>, alignHoriz=method-wrapper(...), alignText='center', alignVert=method-wrapper(...), anchorHoriz='center', anchorVert='center', antialias=True, autoLog=True, bold=False, color=array([1., 1., 1.]), colorSpace='rgb', contrast=1.0, depth=-5.0, flipHoriz=False, flipVert=False, font='Arial', fontFiles=[], height=0.1, italic=False, languageStyle='LTR', name='ll_del', opacity=1.0, ori=0, pos=array([ 0.5, -0.1]), rgb=UNKNOWN, text='en 7 días', units='norm', win=Window(...), wrapWidth=1)
7.7370 	EXP 	Created Intro4 = TextStim(__class__=<class 'psychopy.visual.text.TextStim'>, alignHoriz=method-wrapper(...), alignText='center', alignVert=method-wrapper(...), anchorHoriz='center', anchorVert='center', antialias=True, autoLog=True, bold=False, color=array([1., 1., 1.]), colorSpace='rgb', contrast=1.0, depth=0.0, flipHoriz=False, flipVert=False, font='Arial', fontFiles=[], height=0.1, italic=False, languageStyle='LTR', name='Intro4', opacity=1.0, ori=0, pos=array([0., 0.]), rgb=UNKNOWN, text='Hagamos unos ensayos de práctica', units='norm', win=Window(...), wrapWidth=1)
7.7394 	EXP 	Created pregunta = TextStim(__class__=<class 'psychopy.visual.text.TextStim'>, alignHoriz=method-wrapper(...), alignText='center', alignVert=method-wrapper(...), anchorHoriz='center', anchorVert='center', antialias=True, autoLog=True, bold=False, color=array([1., 1., 1.]), colorSpace='rgb', contrast=1.0, depth=-1.0, flipHoriz=False, flipVert=False, font='Arial', fontFiles=[], height=0.1, italic=False, languageStyle='LTR', name='pregunta', opacity=1.0, ori=0, pos=array([0. , 0.5]), rgb=UNKNOWN, text='¿qué preferirías?', units='norm', win=Window(...), wrapWidth=1)
7.7401 	EXP 	Created ssAm_P = TextStim(__class__=<class 'psychopy.visual.text.TextStim'>, alignHoriz=method-wrapper(...), alignText='center', alignVert=method-wrapper(...), anchorHoriz='center', anchorVert='center', antialias=True, autoLog=True, bold=False, color=array([1., 1., 1.]), colorSpace='rgb', contrast=1.0, depth=-2.0, flipHoriz=False, flipVert=False, font='Arial', fontFiles=[], height=0.1, italic=False, languageStyle='LTR', name='ssAm_P', opacity=1.0, ori=0, pos=array([0., 0.]), rgb=UNKNOWN, text='', units='norm', win=Window(...), wrapWidth=1)
7.7421 	EXP 	Created ssDel_P = TextStim(__class__=<class 'psychopy.visual.text.TextStim'>, alignHoriz=method-wrapper(...), alignText='center', alignVert=method-wrapper(...), anchorHoriz='center', anchorVert='center', antialias=True, autoLog=True, bold=False, color=array([1., 1., 1.]), colorSpace='rgb', contrast=1.0, depth=-3.0, flipHoriz=False, flipVert=False, font='Arial', fontFiles=[], height=0.1, italic=False, languageStyle='LTR', name='ssDel_P', opacity=1.0, ori=0, pos=array([0., 0.]), rgb=UNKNOWN, text='hoy', units='norm', win=Window(...), wrapWidth=1)
7.7429 	EXP 	Created llAm_P = TextStim(__class__=<class 'psychopy.visual.text.TextStim'>, alignHoriz=method-wrapper(...), alignText='center', alignVert=method-wrapper(...), anchorHoriz='center', anchorVert='center', antialias=True, autoLog=True, bold=False, color=array([1., 1., 1.]), colorSpace='rgb', contrast=1.0, depth=-4.0, flipHoriz=False, flipVert=False, font='Arial', fontFiles=[], height=0.1, italic=False, languageStyle='LTR', name='llAm_P', opacity=1.0, ori=0, pos=array([0., 0.]), rgb=UNKNOWN, text='', units='norm', win=Window(...), wrapWidth=1)
7.7436 	EXP 	Created llDel_P = TextStim(__class__=<class 'psychopy.visual.text.TextStim'>, alignHoriz=method-wrapper(...), alignText='center', alignVert=method-wrapper(...), anchorHoriz='center', anchorVert='center', antialias=True, autoLog=True, bold=False, color=array([1., 1., 1.]), colorSpace='rgb', contrast=1.0, depth=-5.0, flipHoriz=False, flipVert=False, font='Arial', fontFiles=[], height=0.1, italic=False, languageStyle='LTR', name='llDel_P', opacity=1.0, ori=0, pos=array([0., 0.]), rgb=UNKNOWN, text='', units='norm', win=Window(...), wrapWidth=1)
7.7443 	EXP 	Created feedbackP = TextStim(__class__=<class 'psychopy.visual.text.TextStim'>, alignHoriz=method-wrapper(...), alignText='center', alignVert=method-wrapper(...), anchorHoriz='center', anchorVert='center', antialias=True, autoLog=True, bold=False, color=array([1., 1., 1.]), colorSpace='rgb', contrast=1.0, depth=-1.0, flipHoriz=False, flipVert=False, font='Arial', fontFiles=[], height=0.1, italic=False, languageStyle='LTR', name='feedbackP', opacity=1.0, ori=0, pos=array([0., 0.]), rgb=UNKNOWN, text='', units='norm', win=Window(...), wrapWidth=1)
7.7502 	EXP 	Created comienzo = TextStim(__class__=<class 'psychopy.visual.text.TextStim'>, alignHoriz=method-wrapper(...), alignText='center', alignVert=method-wrapper(...), anchorHoriz='center', anchorVert='center', antialias=True, autoLog=True, bold=False, color=array([1., 1., 1.]), colorSpace='rgb', contrast=1.0, depth=0.0, flipHoriz=False, flipVert=False, font='Arial', fontFiles=[], height=0.1, italic=False, languageStyle='LTR', name='comienzo', opacity=1.0, ori=0, pos=array([0., 0.]), rgb=UNKNOWN, text=str(...), units='norm', win=Window(...), wrapWidth=1)
7.7525 	EXP 	Created preguntaT = TextStim(__class__=<class 'psychopy.visual.text.TextStim'>, alignHoriz=method-wrapper(...), alignText='center', alignVert=method-wrapper(...), anchorHoriz='center', anchorVert='center', antialias=True, autoLog=True, bold=False, color=array([1., 1., 1.]), colorSpace='rgb', contrast=1.0, depth=-1.0, flipHoriz=False, flipVert=False, font='Arial', fontFiles=[], height=0.1, italic=False, languageStyle='LTR', name='preguntaT', opacity=1.0, ori=0, pos=array([0. , 0.5]), rgb=UNKNOWN, text='¿qué preferirías?', units='norm', win=Window(...), wrapWidth=1)
7.7532 	EXP 	Created ssAm_T = TextStim(__class__=<class 'psychopy.visual.text.TextStim'>, alignHoriz=method-wrapper(...), alignText='center', alignVert=method-wrapper(...), anchorHoriz='center', anchorVert='center', antialias=True, autoLog=True, bold=False, color=array([1., 1., 1.]), colorSpace='rgb', contrast=1.0, depth=-2.0, flipHoriz=False, flipVert=False, font='Arial', fontFiles=[], height=0.1, italic=False, languageStyle='LTR', name='ssAm_T', opacity=1.0, ori=0, pos=array([0., 0.]), rgb=UNKNOWN, text='', units='norm', win=Window(...), wrapWidth=1)
7.7552 	EXP 	Created ssDel_T = TextStim(__class__=<class 'psychopy.visual.text.TextStim'>, alignHoriz=method-wrapper(...), alignText='center', alignVert=method-wrapper(...), anchorHoriz='center', anchorVert='center', antialias=True, autoLog=True, bold=False, color=array([1., 1., 1.]), colorSpace='rgb', contrast=1.0, depth=-3.0, flipHoriz=False, flipVert=False, font='Arial', fontFiles=[], height=0.1, italic=False, languageStyle='LTR', name='ssDel_T', opacity=1.0, ori=0, pos=array([0., 0.]), rgb=UNKNOWN, text='hoy', units='norm', win=Window(...), wrapWidth=1)
7.7560 	EXP 	Created llAm_T = TextStim(__class__=<class 'psychopy.visual.text.TextStim'>, alignHoriz=method-wrapper(...), alignText='center', alignVert=method-wrapper(...), anchorHoriz='center', anchorVert='center', antialias=True, autoLog=True, bold=False, color=array([1., 1., 1.]), colorSpace='rgb', contrast=1.0, depth=-4.0, flipHoriz=False, flipVert=False, font='Arial', fontFiles=[], height=0.1, italic=False, languageStyle='LTR', name='llAm_T', opacity=1.0, ori=0, pos=array([0., 0.]), rgb=UNKNOWN, text='', units='norm', win=Window(...), wrapWidth=1)
7.7567 	EXP 	Created llDel_T = TextStim(__class__=<class 'psychopy.visual.text.TextStim'>, alignHoriz=method-wrapper(...), alignText='center', alignVert=method-wrapper(...), anchorHoriz='center', anchorVert='center', antialias=True, autoLog=True, bold=False, color=array([1., 1., 1.]), colorSpace='rgb', contrast=1.0, depth=-5.0, flipHoriz=False, flipVert=False, font='Arial', fontFiles=[], height=0.1, italic=False, languageStyle='LTR', name='llDel_T', opacity=1.0, ori=0, pos=array([0., 0.]), rgb=UNKNOWN, text='', units='norm', win=Window(...), wrapWidth=1)
7.7574 	EXP 	Created textfbT = TextStim(__class__=<class 'psychopy.visual.text.TextStim'>, alignHoriz=method-wrapper(...), alignText='center', alignVert=method-wrapper(...), anchorHoriz='center', anchorVert='center', antialias=True, autoLog=True, bold=False, color=array([1., 1., 1.]), colorSpace='rgb', contrast=1.0, depth=-1.0, flipHoriz=False, flipVert=False, font='Arial', fontFiles=[], height=0.1, italic=False, languageStyle='LTR', name='textfbT', opacity=1.0, ori=0, pos=array([0., 0.]), rgb=UNKNOWN, text='', units='norm', win=Window(...), wrapWidth=1)
7.7618 	EXP 	Created Gracias = TextStim(__class__=<class 'psychopy.visual.text.TextStim'>, alignHoriz=method-wrapper(...), alignText='center', alignVert=method-wrapper(...), anchorHoriz='center', anchorVert='center', antialias=True, autoLog=True, bold=False, color=array([1., 1., 1.]), colorSpace='rgb', contrast=1.0, depth=0.0, flipHoriz=False, flipVert=False, font='Arial', fontFiles=[], height=0.1, italic=False, languageStyle='LTR', name='Gracias', opacity=1.0, ori=0, pos=array([0., 0.]), rgb=UNKNOWN, text=str(...), units='norm', win=Window(...), wrapWidth=1)
7.7700 	EXP 	intro1: autoDraw = True
9.1903 	DATA 	Keypress: space
9.2047 	EXP 	intro1: autoDraw = False
9.2047 	EXP 	intro2: autoDraw = True
9.6563 	DATA 	Keypress: space
10.7243 	DATA 	Keypress: space
10.7395 	EXP 	intro2: autoDraw = False
10.7395 	EXP 	intro2_2: autoDraw = True
11.2249 	DATA 	Keypress: space
11.2400 	EXP 	intro2_2: autoDraw = False
11.2400 	EXP 	Intro2_3: autoDraw = True
11.7437 	DATA 	Keypress: space
11.7572 	EXP 	Intro2_3: autoDraw = False
11.7572 	EXP 	intro3: autoDraw = True
11.7572 	EXP 	ss_am: autoDraw = True
11.7572 	EXP 	ss_del: autoDraw = True
11.7572 	EXP 	ll_am: autoDraw = True
11.7572 	EXP 	ll_del: autoDraw = True
12.6597 	DATA 	Keypress: right
12.6750 	EXP 	intro3: autoDraw = False
12.6750 	EXP 	ss_am: autoDraw = False
12.6750 	EXP 	ss_del: autoDraw = False
12.6750 	EXP 	ll_am: autoDraw = False
12.6750 	EXP 	ll_del: autoDraw = False
12.6750 	EXP 	Intro4: autoDraw = True
13.3933 	DATA 	Keypress: return
14.1144 	EXP 	Imported choiceSet_practice.xlsx as conditions, 3 conditions, 6 params
14.1147 	EXP 	Created sequence: random, trialTypes=3, nReps=1, seed=None
14.1149 	EXP 	New trial (rep=0, index=0): {'ssAmount': 10000, 'llAmount': 19000, 'llDelay': 89, 'ssAmount_text': '$ 10,000 ', 'llAmount_text': '$ 19,000 ', 'llDelay_text': '89 días'}
14.1237 	DATA 	Keypress: space
14.1262 	EXP 	Intro4: autoDraw = False
14.1262 	EXP 	ssAm_P: height = 0.1
14.1262 	EXP 	ssAm_P: height = 0.1
14.1262 	EXP 	ssAm_P: text = '$ 10,000 '
14.1262 	EXP 	llAm_P: height = 0.1
14.1262 	EXP 	llAm_P: height = 0.1
14.1262 	EXP 	llAm_P: text = '$ 19,000 '
14.1262 	EXP 	llDel_P: height = 0.1
14.1262 	EXP 	llDel_P: height = 0.1
14.1262 	EXP 	llDel_P: text = '89 días'
14.1262 	EXP 	pregunta: autoDraw = True
14.1262 	EXP 	ssAm_P: autoDraw = True
14.1262 	EXP 	ssDel_P: autoDraw = True
14.1262 	EXP 	llAm_P: autoDraw = True
14.1262 	EXP 	llDel_P: autoDraw = True
16.1825 	DATA 	Keypress: right
16.1949 	EXP 	pregunta: autoDraw = False
16.1949 	EXP 	ssAm_P: autoDraw = False
16.1949 	EXP 	ssDel_P: autoDraw = False
16.1949 	EXP 	llAm_P: autoDraw = False
16.1949 	EXP 	llDel_P: autoDraw = False
16.1949 	EXP 	feedbackP: height = 0.1
16.1949 	EXP 	feedbackP: height = 0.1
16.1949 	EXP 	feedbackP: text = 'Elegiste esperar'
16.1949 	EXP 	feedbackP: autoDraw = True
17.2640 	DATA 	Keypress: space
19.0155 	DATA 	Keypress: space
19.1817 	EXP 	New trial (rep=0, index=1): {'ssAmount': 10000, 'llAmount': 109000, 'llDelay': 9, 'ssAmount_text': '$ 10,000 ', 'llAmount_text': '$ 109,000 ', 'llDelay_text': '9 días'}
19.1979 	EXP 	feedbackP: autoDraw = False
19.1979 	EXP 	feedbackP: autoDraw = False
19.1979 	EXP 	ssAm_P: text = '$ 10,000 '
19.1979 	EXP 	llAm_P: height = 0.1
19.1979 	EXP 	llAm_P: height = 0.1
19.1979 	EXP 	llAm_P: text = '$ 109,000 '
19.1979 	EXP 	llDel_P: height = 0.1
19.1979 	EXP 	llDel_P: height = 0.1
19.1979 	EXP 	llDel_P: text = '9 días'
19.1979 	EXP 	pregunta: autoDraw = True
19.1979 	EXP 	ssAm_P: autoDraw = True
19.1979 	EXP 	ssDel_P: autoDraw = True
19.1979 	EXP 	llAm_P: autoDraw = True
19.1979 	EXP 	llDel_P: autoDraw = True
19.8338 	DATA 	Keypress: right
19.8485 	EXP 	pregunta: autoDraw = False
19.8485 	EXP 	ssAm_P: autoDraw = False
19.8485 	EXP 	ssDel_P: autoDraw = False
19.8485 	EXP 	llAm_P: autoDraw = False
19.8485 	EXP 	llDel_P: autoDraw = False
19.8485 	EXP 	feedbackP: text = 'Elegiste esperar'
19.8485 	EXP 	feedbackP: autoDraw = True
20.7674 	DATA 	Keypress: escape
21.1394 	EXP 	window1: mouseVisible = True
